03:46:41 [App     ] Build date: Dec 10 2019, 20:59:37
03:46:41 [App     ] CPU: Intel(R) Xeon(R) CPU E5-2690 v4 @ 2.60GHz (56 cores)
03:46:41 [App     ] RAM: 125.78GB Physical Memory 119.21GB Virtual Memory
03:46:41 [App     ] OS: Linux 5.15.0-130-generic (x86_64)
03:46:41 [App     ] SSE & AVX compatible CPU & OS detected
03:46:41 [App     ] Command line: scene.mvs
03:46:41 [App     ] Camera model loaded: platform 0; camera  0; f 1.054x1.054; poses 11
03:46:41 [App     ] Image loaded   0: 00000.jpg
03:46:41 [App     ] Image loaded   1: 00001.jpg
03:46:41 [App     ] Image loaded   2: 00002.jpg
03:46:41 [App     ] Image loaded   3: 00003.jpg
03:46:41 [App     ] Image loaded   4: 00004.jpg
03:46:41 [App     ] Image loaded   5: 00005.jpg
03:46:41 [App     ] Image loaded   6: 00006.jpg
03:46:41 [App     ] Image loaded   7: 00007.jpg
03:46:41 [App     ] Image loaded   8: 00008.jpg
03:46:41 [App     ] Image loaded   9: 00009.jpg
03:46:41 [App     ] Image loaded  10: 00010.jpg
03:46:41 [App     ] Scene loaded from interface format (13ms):
	11 images (11 calibrated) with a total of 63.22 MPixels (5.75 MPixels/image)
	12683 points, 0 vertices, 0 faces
03:46:41 [App     ] Delaunay tetrahedralization completed: 12683 points -> 10639 vertices, 65475 (+52) cells, 130976 (+78) faces (155ms)
03:46:42 [App     ] Delaunay tetrahedras weighting completed: 65527 cells, 131054 faces (147ms)
03:46:42 [App     ] Delaunay tetrahedras graph-cut completed (10389.9 flow): 7336 vertices, 14661 faces (188ms)
03:46:42 [App     ] Mesh reconstruction completed: 7337 vertices, 14659 faces (586ms)
03:46:42 [App     ] Cleaned mesh: 7334 vertices, 14661 faces (39ms)
03:46:42 [App     ] Cleaned mesh: 7334 vertices, 14664 faces (27ms)
03:46:42 [App     ] Cleaned mesh: 7334 vertices, 14664 faces (19ms)
03:46:42 [App     ] Scene saved (27ms):
	11 images (11 calibrated)
	0 points, 7334 vertices, 14664 faces
03:46:42 [App     ] Mesh saved: 7334 vertices, 14664 faces (3ms)
03:46:42 [App     ] MEMORYINFO: {
03:46:42 [App     ] 	VmPeak:	 4607648 kB
03:46:42 [App     ] 	VmSize:	 4475196 kB
03:46:42 [App     ] } ENDINFO
